Memory: 1.82 GB/4.00 GB, 54%
Loading plugin C:\Program Files\Autodesk\Mudbox2009\Plugins\AOViewPortFilter.mp
Failed, error code: 126, (0x0000007E), error message: 
	The specified module could not be found.
Loading plugin C:\Program Files\Autodesk\Mudbox2009\Plugins\BTreePicker.mp
Loading plugin C:\Program Files\Autodesk\Mudbox2009\Plugins\CCSurfaceSmoother.mp
Loading plugin C:\Program Files\Autodesk\Mudbox2009\Plugins\CgMaterial.mp
Loading plugin C:\Program Files\Autodesk\Mudbox2009\Plugins\CgViewPortFilter.mp
Loading plugin C:\Program Files\Autodesk\Mudbox2009\Plugins\DOFViewPortFilter.mp
Loading plugin C:\Program Files\Autodesk\Mudbox2009\Plugins\EnvironmentMapLoader.mp
Loading plugin C:\Program Files\Autodesk\Mudbox2009\Plugins\FastBrush.mp
Loading plugin C:\Program Files\Autodesk\Mudbox2009\Plugins\FastMoveBrush.mp
Loading plugin C:\Program Files\Autodesk\Mudbox2009\Plugins\FileEventHandler.mp
Loading plugin C:\Program Files\Autodesk\Mudbox2009\Plugins\GeneralImage.mp
Loading plugin C:\Program Files\Autodesk\Mudbox2009\Plugins\HWMeshRenderer.mp
Loading plugin C:\Program Files\Autodesk\Mudbox2009\Plugins\HWPicker.mp
Loading plugin C:\Program Files\Autodesk\Mudbox2009\Plugins\IBLMaterial.mp
Loading plugin C:\Program Files\Autodesk\Mudbox2009\Plugins\LitSphereMaterial.mp
Loading plugin C:\Program Files\Autodesk\Mudbox2009\Plugins\MapExtractor.mp
Loading plugin C:\Program Files\Autodesk\Mudbox2009\Plugins\MeshDisplace.mp
Loading plugin C:\Program Files\Autodesk\Mudbox2009\Plugins\MeshGrid.mp
Loading plugin C:\Program Files\Autodesk\Mudbox2009\Plugins\PLYImport.mp
PLY Import plugin initialized
Loading plugin C:\Program Files\Autodesk\Mudbox2009\Plugins\SimpleShaderMaterial.mp
Loading plugin C:\Program Files\Autodesk\Mudbox2009\Plugins\TangentGenerator.mp
Loading plugin C:\Program Files\Autodesk\Mudbox2009\Plugins\Texture.mp
Loading plugin C:\Program Files\Autodesk\Mudbox2009\Plugins\TextureLayers.mp
Loading plugin C:\Program Files\Autodesk\Mudbox2009\Plugins\TonemappingViewPortFilter.mp
Loading plugin C:\Program Files\Autodesk\Mudbox2009\Plugins\AOViewPortFilter.mp
Possible mesh renderer: HWRenderer
Possible screen space picker: HWPicker
Possible material: Simple Blinn Material
Possible material: Lit Sphere Material
Possible material: Mudbox Material
Possible material: CgFX Based Material
Plugins in memory:
	0: AOViewPortFilter.mp - No description, Author: Unknown, URL: Unknown, Build time: Unknown
	1: BTPicker - Balanced Tree Picker, Author: Autodesk, URL: http://www.mudbox3d.com, Build time: Oct  2 2008 14:35:28
	2: CCSurfaceSmoother - Catmull-Clark Limit Surface Calculator, Author: Autodesk, URL: http://www.mudbox3d.com, Build time: Oct  2 2008 14:32:33
	3: CgMaterial - Cg accelerated material, Author: Autodesk, URL: http://www.mudbox3d.com, Build time: Oct  2 2008 14:32:20
	4: CgViewPortFilter - Cg based simple viewport filter, Author: Autodesk, URL: http://www.mudbox3d.com, Build time: Oct  2 2008 14:32:59
	5: Depth of Field - Depth of Field Viewport Filter, Author: Autodesk, URL: http://www.mudbox3d.com, Build time: Oct  2 2008 14:32:54
	6: EnvironmentMapLoader - Environment Map Loader, Author: Autodesk, URL: http://www.mudbox3d.com, Build time: Oct  2 2008 14:35:19
	7: Fast Brush - Hardware accelerated simple sculptor brush, Author: Autodesk, URL: http://www.mudbox3d.com, Build time: Oct  2 2008 14:33:05
	8: Fast Move Brush - Fast version of the move tool, Author: Autodesk, URL: http://www.mudbox3d.com, Build time: Oct  2 2008 14:32:30
	9: FileEventHandler - Sample file event handler, Author: Autodesk, URL: http://www.mudbox3d.com, Build time: Oct  2 2008 14:32:56
	10: General Image - Basic Image Handler, Author: Autodesk, URL: http://www.mudbox3d.com, Build time: Oct  2 2008 14:32:46
	11: HWRenderer - Hardware accelerated mesh renderer, Author: Autodesk, URL: http://www.mudbox3d.com, Build time: Oct  2 2008 14:35:10
	12: HWPicker - Hardware accelerated mesh pick, Author: Autodesk, URL: http://www.mudbox3d.com, Build time: Oct  2 2008 14:35:26
	13: IBL Material - Image Based Lighting, Author: Autodesk, URL: http://www.mudbox3d.com, Build time: Oct  2 2008 14:35:04
	14: Lit Sphere Material - Lit Sphere NPR, Author: Autodesk, URL: http://www.mudbox3d.com, Build time: Oct  2 2008 14:32:26
	15: TextureBaker - Texture Baking from a low and high resolution mesh, Author: Autodesk, URL: http://www.mudbox3d.com, Build time: Oct  2 2008 14:32:40
	16: MeshDisplacer - Displacement operation for meshes, Author: Autodesk, URL: http://www.mudbox3d.com, Build time: Oct  2 2008 14:35:15
	17: MeshGrid - Preprocessed Face Count Reduction, Author: Autodesk, URL: http://www.mudbox3d.com, Build time: Oct  2 2008 14:32:31
	18: PLY Importer - PLY file import/export plugin, Author: Autodesk, URL: http://www.mudbox3d.com, Build time: Oct  2 2008 14:35:14
	19: Blinn Material - Simple Material, Author: Autodesk, URL: http://www.mudbox3d.com, Build time: Oct  2 2008 14:35:23
	20: TangentGenerator - Vertex Tangent and Binormal Generator, Author: Autodesk, URL: http://www.mudbox3d.com, Build time: Oct  2 2008 14:35:30
	21: Texture - Default Texture Class Implementation, Author: Autodesk, URL: http://www.mudbox3d.com, Build time: Oct  2 2008 14:33:00
	22: TextureLayers - Layer Structure for TexturesCg accelerated material, Author: Autodesk, URL: http://www.mudbox3d.com, Build time: Oct  2 2008 14:35:21
	23: Tonemapper - Tonemapping Viewport Filter, Author: Autodesk, URL: http://www.mudbox3d.com, Build time: Oct  2 2008 14:32:57
	24: Ambient Occlusion - Ambient Occlusion Viewport Filter, Author: Autodesk, URL: http://www.mudbox3d.com, Build time: Oct  2 2008 14:35:18
C:/Program Files/Autodesk/Mudbox2009/Meshes/Basic Head.mud: Current stream version is 366, file is 342
C:/Program Files/Autodesk/Mudbox2009/Meshes/Bull.mud: Current stream version is 366, file is 338
C:/Program Files/Autodesk/Mudbox2009/Meshes/Cube.mud: Current stream version is 366, file is 338
C:/Program Files/Autodesk/Mudbox2009/Meshes/Human Body.mud: Current stream version is 366, file is 356
C:/Program Files/Autodesk/Mudbox2009/Meshes/Plane.mud: Current stream version is 366, file is 342
C:/Program Files/Autodesk/Mudbox2009/Meshes/Reptile.mud: Current stream version is 366, file is 356
C:/Program Files/Autodesk/Mudbox2009/Meshes/Sphere.mud: Current stream version is 366, file is 342
C:/Program Files/Autodesk/Mudbox2009/Meshes/Tree Stump.mud: Current stream version is 366, file is 365
Using shader compile flags -DVERTEX_PROFILE=arbvp1 -DFRAGMENT_PROFILE=arbfp1 -DCG_PROFILE_ARBVP1=1 -DCG_PROFILE_ARBFP1=1
Additional flags:
Effect file Effects/advanced.bin loaded and compiled:
(null)
=========
	Valid technique MBMaterial in effect Effects/advanced.bin
Loading program Shaders/AO/AO.bin for the profile arbfp1
Loading program Shaders/DOF/Downscale.bin for the profile arbfp1
Loading program Shaders/DOF/DOF.bin for the profile arbfp1
Loading program Shaders/Tonemapping/RGBToLuminance.bin for the profile arbfp1
Loading program Shaders/Tonemapping/MinMax.bin for the profile arbfp1
Loading program Shaders/Tonemapping/Downscale.bin for the profile arbfp1
Loading program Shaders/Tonemapping/Gamma.bin for the profile arbfp1
Sculpt brush selected
Stamp set to OFF
Loading preferences
Autodesk Mudbox 2009, 64 bit
Meshes/Human Body.mud: Current stream version is 366, file is 356
Loading file Meshes/Human Body.mud, version 356
Using shader compile flags -DVERTEX_PROFILE=arbvp1 -DFRAGMENT_PROFILE=arbfp1 -DCG_PROFILE_ARBVP1=1 -DCG_PROFILE_ARBFP1=1
Additional flags:
Effect file Effects/advanced.bin loaded and compiled:
(null)
=========
	Valid technique MBMaterial in effect Effects/advanced.bin
Loading program Shaders/PickerVertex.bin for the profile arbvp1
Smooth brush selected
Stroke: 1.0.0.0.1220560.1220384
Foamy brush selected
Stroke: 1.0.0.0.1220560.1220384
Turning wireframe on shaded off
Stroke: 1.0.0.0.1220560.1220384
Stroke: 1.0.0.0.1220560.1220384
Camera focus on mouse
Camera focus on mouse
Total number of polygons rendered during the session: 115816272
Shutdown, memory used: 0 Megabytes
