Memory: 1.85 GB/4.00 GB, 53%
Loading plugin C:\Program Files\Autodesk\Mudbox2009\Plugins\AOViewPortFilter.mp
Failed, error code: 126, (0x0000007E), error message: 
	The specified module could not be found.
Loading plugin C:\Program Files\Autodesk\Mudbox2009\Plugins\BTreePicker.mp
Loading plugin C:\Program Files\Autodesk\Mudbox2009\Plugins\CCSurfaceSmoother.mp
Loading plugin C:\Program Files\Autodesk\Mudbox2009\Plugins\CgMaterial.mp
Loading plugin C:\Program Files\Autodesk\Mudbox2009\Plugins\CgViewPortFilter.mp
Loading plugin C:\Program Files\Autodesk\Mudbox2009\Plugins\DOFViewPortFilter.mp
Loading plugin C:\Program Files\Autodesk\Mudbox2009\Plugins\EnvironmentMapLoader.mp
Loading plugin C:\Program Files\Autodesk\Mudbox2009\Plugins\FastBrush.mp
Loading plugin C:\Program Files\Autodesk\Mudbox2009\Plugins\FastMoveBrush.mp
Loading plugin C:\Program Files\Autodesk\Mudbox2009\Plugins\FileEventHandler.mp
Loading plugin C:\Program Files\Autodesk\Mudbox2009\Plugins\GeneralImage.mp
Loading plugin C:\Program Files\Autodesk\Mudbox2009\Plugins\HWMeshRenderer.mp
Loading plugin C:\Program Files\Autodesk\Mudbox2009\Plugins\HWPicker.mp
Loading plugin C:\Program Files\Autodesk\Mudbox2009\Plugins\IBLMaterial.mp
Loading plugin C:\Program Files\Autodesk\Mudbox2009\Plugins\LitSphereMaterial.mp
Loading plugin C:\Program Files\Autodesk\Mudbox2009\Plugins\MapExtractor.mp
Loading plugin C:\Program Files\Autodesk\Mudbox2009\Plugins\MeshDisplace.mp
Loading plugin C:\Program Files\Autodesk\Mudbox2009\Plugins\MeshGrid.mp
Loading plugin C:\Program Files\Autodesk\Mudbox2009\Plugins\PLYImport.mp
PLY Import plugin initialized
Loading plugin C:\Program Files\Autodesk\Mudbox2009\Plugins\SimpleShaderMaterial.mp
Loading plugin C:\Program Files\Autodesk\Mudbox2009\Plugins\TangentGenerator.mp
Loading plugin C:\Program Files\Autodesk\Mudbox2009\Plugins\Texture.mp
Loading plugin C:\Program Files\Autodesk\Mudbox2009\Plugins\TextureLayers.mp
Loading plugin C:\Program Files\Autodesk\Mudbox2009\Plugins\TonemappingViewPortFilter.mp
Loading plugin C:\Program Files\Autodesk\Mudbox2009\Plugins\AOViewPortFilter.mp
Possible mesh renderer: HWRenderer
Possible screen space picker: HWPicker
Possible material: Simple Blinn Material
Possible material: Lit Sphere Material
Possible material: Mudbox Material
Possible material: CgFX Based Material
Plugins in memory:
	0: AOViewPortFilter.mp - No description, Author: Unknown, URL: Unknown, Build time: Unknown
	1: BTPicker - Balanced Tree Picker, Author: Autodesk, URL: http://www.mudbox3d.com, Build time: Oct  2 2008 14:35:28
	2: CCSurfaceSmoother - Catmull-Clark Limit Surface Calculator, Author: Autodesk, URL: http://www.mudbox3d.com, Build time: Oct  2 2008 14:32:33
	3: CgMaterial - Cg accelerated material, Author: Autodesk, URL: http://www.mudbox3d.com, Build time: Oct  2 2008 14:32:20
	4: CgViewPortFilter - Cg based simple viewport filter, Author: Autodesk, URL: http://www.mudbox3d.com, Build time: Oct  2 2008 14:32:59
	5: Depth of Field - Depth of Field Viewport Filter, Author: Autodesk, URL: http://www.mudbox3d.com, Build time: Oct  2 2008 14:32:54
	6: EnvironmentMapLoader - Environment Map Loader, Author: Autodesk, URL: http://www.mudbox3d.com, Build time: Oct  2 2008 14:35:19
	7: Fast Brush - Hardware accelerated simple sculptor brush, Author: Autodesk, URL: http://www.mudbox3d.com, Build time: Oct  2 2008 14:33:05
	8: Fast Move Brush - Fast version of the move tool, Author: Autodesk, URL: http://www.mudbox3d.com, Build time: Oct  2 2008 14:32:30
	9: FileEventHandler - Sample file event handler, Author: Autodesk, URL: http://www.mudbox3d.com, Build time: Oct  2 2008 14:32:56
	10: General Image - Basic Image Handler, Author: Autodesk, URL: http://www.mudbox3d.com, Build time: Oct  2 2008 14:32:46
	11: HWRenderer - Hardware accelerated mesh renderer, Author: Autodesk, URL: http://www.mudbox3d.com, Build time: Oct  2 2008 14:35:10
	12: HWPicker - Hardware accelerated mesh pick, Author: Autodesk, URL: http://www.mudbox3d.com, Build time: Oct  2 2008 14:35:26
	13: IBL Material - Image Based Lighting, Author: Autodesk, URL: http://www.mudbox3d.com, Build time: Oct  2 2008 14:35:04
	14: Lit Sphere Material - Lit Sphere NPR, Author: Autodesk, URL: http://www.mudbox3d.com, Build time: Oct  2 2008 14:32:26
	15: TextureBaker - Texture Baking from a low and high resolution mesh, Author: Autodesk, URL: http://www.mudbox3d.com, Build time: Oct  2 2008 14:32:40
	16: MeshDisplacer - Displacement operation for meshes, Author: Autodesk, URL: http://www.mudbox3d.com, Build time: Oct  2 2008 14:35:15
	17: MeshGrid - Preprocessed Face Count Reduction, Author: Autodesk, URL: http://www.mudbox3d.com, Build time: Oct  2 2008 14:32:31
	18: PLY Importer - PLY file import/export plugin, Author: Autodesk, URL: http://www.mudbox3d.com, Build time: Oct  2 2008 14:35:14
	19: Blinn Material - Simple Material, Author: Autodesk, URL: http://www.mudbox3d.com, Build time: Oct  2 2008 14:35:23
	20: TangentGenerator - Vertex Tangent and Binormal Generator, Author: Autodesk, URL: http://www.mudbox3d.com, Build time: Oct  2 2008 14:35:30
	21: Texture - Default Texture Class Implementation, Author: Autodesk, URL: http://www.mudbox3d.com, Build time: Oct  2 2008 14:33:00
	22: TextureLayers - Layer Structure for TexturesCg accelerated material, Author: Autodesk, URL: http://www.mudbox3d.com, Build time: Oct  2 2008 14:35:21
	23: Tonemapper - Tonemapping Viewport Filter, Author: Autodesk, URL: http://www.mudbox3d.com, Build time: Oct  2 2008 14:32:57
	24: Ambient Occlusion - Ambient Occlusion Viewport Filter, Author: Autodesk, URL: http://www.mudbox3d.com, Build time: Oct  2 2008 14:35:18
C:/Program Files/Autodesk/Mudbox2009/Meshes/Basic Head.mud: Current stream version is 366, file is 342
C:/Program Files/Autodesk/Mudbox2009/Meshes/Bull.mud: Current stream version is 366, file is 338
C:/Program Files/Autodesk/Mudbox2009/Meshes/Cube.mud: Current stream version is 366, file is 338
C:/Program Files/Autodesk/Mudbox2009/Meshes/Human Body.mud: Current stream version is 366, file is 356
C:/Program Files/Autodesk/Mudbox2009/Meshes/Plane.mud: Current stream version is 366, file is 342
C:/Program Files/Autodesk/Mudbox2009/Meshes/Reptile.mud: Current stream version is 366, file is 356
C:/Program Files/Autodesk/Mudbox2009/Meshes/Sphere.mud: Current stream version is 366, file is 342
C:/Program Files/Autodesk/Mudbox2009/Meshes/Tree Stump.mud: Current stream version is 366, file is 365
Using shader compile flags -DVERTEX_PROFILE=arbvp1 -DFRAGMENT_PROFILE=arbfp1 -DCG_PROFILE_ARBVP1=1 -DCG_PROFILE_ARBFP1=1
Additional flags:
Effect file Effects/advanced.bin loaded and compiled:
(null)
=========
	Valid technique MBMaterial in effect Effects/advanced.bin
Loading program Shaders/AO/AO.bin for the profile arbfp1
Loading program Shaders/DOF/Downscale.bin for the profile arbfp1
Loading program Shaders/DOF/DOF.bin for the profile arbfp1
Loading program Shaders/Tonemapping/RGBToLuminance.bin for the profile arbfp1
Loading program Shaders/Tonemapping/MinMax.bin for the profile arbfp1
Loading program Shaders/Tonemapping/Downscale.bin for the profile arbfp1
Loading program Shaders/Tonemapping/Gamma.bin for the profile arbfp1
Sculpt brush selected
Stamp set to OFF
Loading preferences
Autodesk Mudbox 2009, 64 bit
Meshes/Reptile.mud: Current stream version is 366, file is 356
Loading file Meshes/Reptile.mud, version 356
Using shader compile flags -DVERTEX_PROFILE=arbvp1 -DFRAGMENT_PROFILE=arbfp1 -DCG_PROFILE_ARBVP1=1 -DCG_PROFILE_ARBFP1=1
Additional flags:
Effect file Effects/advanced.bin loaded and compiled:
(null)
=========
	Valid technique MBMaterial in effect Effects/advanced.bin
Loading program Shaders/PickerVertex.bin for the profile arbvp1
Stroke: 1.0.0.1.1220560.1220384
Camera focus on selection
Faces brush selected
Objects brush selected
Stroke: 1.0.0.0.1220560.1220384
Stroke: 1.0.0.0.1220560.1220384
Stroke: 1.0.0.0.1220560.1220384
Exporting faces to file C:/Users/Kara/Desktop/TESTING MUDBOX/lizard.obj
Subdivide Reptile
Mapping 5432 faces upto level 1
 Calculating CC positions on level 1
Unmapping level 0
Subdivide Reptile
Mapping 21728 faces upto level 2
 Calculating CC positions on level 2
Unmapping level 1
Subdivide Reptile
Mapping 86912 faces upto level 3
 Calculating CC positions on level 3
Unmapping level 2
Subdivide Reptile
Mapping 347648 faces upto level 4
 Calculating CC positions on level 4
Unmapping level 3
Stroke: 1.0.0.0.1220560.1220384
Stroke: 1.0.0.0.1220560.1220384
Stroke: 1.0.0.0.1220560.1220384
Sculpt brush selected
Stroke: 1.0.0.1.1220560.1220384
Undo
Stroke: 1.0.0.1.1220560.1220384
Undo
Stroke: 1.0.0.1.1220560.1220384
Undo
Stroke: 1.0.0.1.1220560.1220384
Stroke: 1.0.0.1.1220560.1220384
Undo
Saving to file C:/Users/Kara/Desktop/TESTING MUDBOX/reptile.mud, version 366
Exporting faces to file C:/Users/Kara/Desktop/TESTING MUDBOX/lizardhigh.obj
Stroke: 1.0.0.1.1220560.1220384
Starting texture baking with the following parameters:
nextcommand: 
THIS: 
Next: NULL
Previous: NULL
Parent: NULL
Children: NULL
Visible: true
Locked: false
Orthogonalize Tangent To Normal: true
Orthogonalize Binormal To Normal: true
Orthogonalize Tangent To Binormal: false
Orthogonalize Binormal To Tangent: false
normalizetangent: true
normalizebinormal: true
Derive Axis: 4
Switch Tangent With Binormal: false
Flip Binormal: false
Flip Tangent: false
Flip Normal: false
Index Source: 1
Use Vertex Normals: true
Orientation: 1
Preset: 1
: NULL
Search Distance: 54.00
Normalize to Search Distance: true
Keep Zero As Middle Grey: true
Displacement Map Format: 3
Displacement Map Settings: 
Tangent&Binormal Settings: 
Smooth Normals: true
Normal Map Space: 1
Normal Map Format: 0
Normal Map Settings: 
Skip Empty Maps: true
UStart: 1
URange: 1
Process Multiple Tiles: true
<    Multiple Map Support: 
Test Both Sides: false
Ray Center: 2
Method: 0
Edge Bleeding: 4
Anti aliasing: 0
Fill Whole Maps: false
Map Height: 1024
Map Width: 1024
Displacement Map Filename: C:/Users/Kara/Desktop/TESTING MUDBOX/test.exr
Create Displacement Map: true
Normal Map Filename: 
Create Normal Map: false
Use Limit Surface: false
High Resolution Mesh: Select Mesh
Extract Selected Low Res. Faces Only: false
Smooth UVs: false
Use Limit Surface: true
Low Resolution Mesh: Reptile (level: 0, faces: 1358)
Cancel: 0
Start: 1
Locked: false
Visible: true
Children: NULL
Parent: Scene
Previous: My Extraction Operation 2
Next: NULL
THIS: My Extraction Operation 3
Starting map extraction
Memory: 1.34 GB/4.00 GB, 66%
Cleaning up memory
Memory: 1.35 GB/4.00 GB, 66%
==== Memory Blocks Begin ====
(Skipping blocks smaller than 83436)
Block size:8343600 (24), name: mesh vertex data, at 0x14960040
Block size:5562368 (4), name: topology indices, at 0x12750040
Block size:5537784 (4), name: hwpicker map, at 0x0e7b0040
Block size:2085936 (24), name: mesh vertex data, at 0x0ef10040
Block size:1390592 (4), name: topology indices, at 0x08d20040
Block size:1390592 (4), name: topology faceIDs, at 0x0fc70040
Block size:521520 (24), name: mesh vertex data, at 0x08a4e080
Block size:347648 (1), name: face state, at 0x13c478b0
Block size:347648 (4), name: topology indices, at 0x0898f0b0
Block size:347648 (4), name: topology faceIDs, at 0x08ba2980
Block size:327640 (40), name: mesh restore buffer, at 0x144004a0
Block size:262136 (8), name: mesh global collection, at 0x08b62980
Block size:130416 (24), name: mesh vertex data, at 0x0895ce20
Block size:86920 (4), name: hwpicker meshhandle vertexfacemap, at 0x08acd5c0
Block size:86912 (4), name: topology indices, at 0x089182a0
Block size:86912 (1), name: face state, at 0x08b22400
Block size:86912 (4), name: topology faceIDs, at 0x089e3ec0
Total: 26.43M
Free: 1.35G
==== Memory Blocks End ====
Allocating face index map
Memory: 1.35 GB/4.00 GB, 66%
Preparing the low resolution mesh
Mapping 5432 faces upto level 1
 Updated texture coordinates (6159 new item)
 Calculating CC positions on level 1
Unmapping level 0
Creating balanced tree(s) for  (level: 4, faces: 347648) (347648 faces)
Balanced tree ready for Reptile
	node count: 171007
	max depth: 17
	max leaf size: 25.828276
	root: (0.000000, 38.708221, -110.471077)-72402.484375
Memory: 1.35 GB/4.00 GB, 66%
Processing tile 0:0 (0.000000-1.000000, 0.000000-1.000000)
Preparing maps
Memory: 1.35 GB/4.00 GB, 66%
Memory: 1.35 GB/4.00 GB, 66%
Mesh extended at open edges with 0 new quads, 0 new vertices
	Extracting maps
	Saving maps
New texels on maps: 844519
	saving displacement map to C:/Users/Kara/Desktop/TESTING MUDBOX/test.exr
saving image: C:/Users/Kara/Desktop/TESTING MUDBOX/test.exr
	stats: 761878 pixels, 0 cubes, 0 faces
	cubes per pixel: 0
	faces per pixel: 0
	hacked pixels: 0
	hit/fail: 844505/0
Tile processed in 6.350000 seconds.

====================
Statistics for btree:
	pick count: 844135
	number of checked faces: 18600921
	number of checked nodes: 57219629
	average number of faces per pick: 22
	average number of nodes per pick: 67
	maximum number of faces per pick: 238
	maximum number of nodes per pick: 319
====================
Memory: 1.35 GB/4.00 GB, 66%
 Destructing mesh
 Destructing mesh
Map extraction finished without errorsSaving to file C:/Users/Kara/Desktop/TESTING MUDBOX/reptile.mud, version 366
Total number of polygons rendered during the session: 400226646
Shutdown, memory used: 0 Megabytes
